# JRE version: OpenJDK Runtime Environment (8.0_212-b04) (build 1.8.0_212-release-1586-b04)
# Java VM: OpenJDK 64-Bit Server VM (25.212-b04 mixed mode windows-amd64 compressed oops)
Heap:
 PSYoungGen      total 344064K, used 279460K [0x00000000e0000000, 0x00000000fc880000, 0x0000000100000000)
  eden space 304640K, 88% used [0x00000000e0000000,0x00000000f08bd9d0,0x00000000f2980000)
  from space 39424K, 21% used [0x00000000f5180000,0x00000000f59aba18,0x00000000f7800000)
  to   space 40960K, 0% used [0x00000000f2980000,0x00000000f2980000,0x00000000f5180000)
 ParOldGen       total 254976K, used 128871K [0x00000000a0000000, 0x00000000af900000, 0x00000000e0000000)
  object space 254976K, 50% used [0x00000000a0000000,0x00000000a7dd9e10,0x00000000af900000)
 Metaspace       used 77392K, capacity 81958K, committed 82200K, reserved 1120256K
  class space    used 10370K, capacity 11286K, committed 11304K, reserved 1048576K
GC Heap History (10 events):
Event: 31.455 GC heap before
{Heap before GC invocations=17 (full 3):
 PSYoungGen      total 345600K, used 334034K [0x00000000e0000000, 0x00000000f8880000, 0x0000000100000000)
  eden space 302080K, 100% used [0x00000000e0000000,0x00000000f2700000,0x00000000f2700000)
  from space 43520K, 73% used [0x00000000f2700000,0x00000000f4634978,0x00000000f5180000)
  to   space 39424K, 0% used [0x00000000f5180000,0x00000000f5180000,0x00000000f7800000)
 ParOldGen       total 254976K, used 76376K [0x00000000a0000000, 0x00000000af900000, 0x00000000e0000000)
  object space 254976K, 29% used [0x00000000a0000000,0x00000000a4a961b0,0x00000000af900000)
 Metaspace       used 74386K, capacity 78602K, committed 78744K, reserved 1118208K
  class space    used 10068K, capacity 10916K, committed 10920K, reserved 1048576K
Event: 31.481 GC heap after
Heap after GC invocations=17 (full 3):
 PSYoungGen      total 341504K, used 19661K [0x00000000e0000000, 0x00000000f8880000, 0x0000000100000000)
  eden space 302080K, 0% used [0x00000000e0000000,0x00000000e0000000,0x00000000f2700000)
  from space 39424K, 49% used [0x00000000f5180000,0x00000000f64b3730,0x00000000f7800000)
  to   space 43520K, 0% used [0x00000000f2700000,0x00000000f2700000,0x00000000f5180000)
 ParOldGen       total 254976K, used 93254K [0x00000000a0000000, 0x00000000af900000, 0x00000000e0000000)
  object space 254976K, 36% used [0x00000000a0000000,0x00000000a5b11af0,0x00000000af900000)
 Metaspace       used 74386K, capacity 78602K, committed 78744K, reserved 1118208K
  class space    used 10068K, capacity 10916K, committed 10920K, reserved 1048576K
}
Event: 31.860 GC heap before
{Heap before GC invocations=18 (full 3):
 PSYoungGen      total 341504K, used 321741K [0x00000000e0000000, 0x00000000f8880000, 0x0000000100000000)
  eden space 302080K, 100% used [0x00000000e0000000,0x00000000f2700000,0x00000000f2700000)
  from space 39424K, 49% used [0x00000000f5180000,0x00000000f64b3730,0x00000000f7800000)
  to   space 43520K, 0% used [0x00000000f2700000,0x00000000f2700000,0x00000000f5180000)
 ParOldGen       total 254976K, used 93254K [0x00000000a0000000, 0x00000000af900000, 0x00000000e0000000)
  object space 254976K, 36% used [0x00000000a0000000,0x00000000a5b11af0,0x00000000af900000)
 Metaspace       used 74705K, capacity 78922K, committed 79128K, reserved 1118208K
  class space    used 10089K, capacity 10922K, committed 11048K, reserved 1048576K
Event: 31.876 GC heap after
Heap after GC invocations=18 (full 3):
 PSYoungGen      total 345600K, used 13020K [0x00000000e0000000, 0x00000000f8880000, 0x0000000100000000)
  eden space 302080K, 0% used [0x00000000e0000000,0x00000000e0000000,0x00000000f2700000)
  from space 43520K, 29% used [0x00000000f2700000,0x00000000f33b7388,0x00000000f5180000)
  to   space 39424K, 0% used [0x00000000f5180000,0x00000000f5180000,0x00000000f7800000)
 ParOldGen       total 254976K, used 106124K [0x00000000a0000000, 0x00000000af900000, 0x00000000e0000000)
  object space 254976K, 41% used [0x00000000a0000000,0x00000000a67a3108,0x00000000af900000)
 Metaspace       used 74705K, capacity 78922K, committed 79128K, reserved 1118208K
  class space    used 10089K, capacity 10922K, committed 11048K, reserved 1048576K
}
Event: 32.458 GC heap before
{Heap before GC invocations=19 (full 3):
 PSYoungGen      total 345600K, used 315100K [0x00000000e0000000, 0x00000000f8880000, 0x0000000100000000)
  eden space 302080K, 100% used [0x00000000e0000000,0x00000000f2700000,0x00000000f2700000)
  from space 43520K, 29% used [0x00000000f2700000,0x00000000f33b7388,0x00000000f5180000)
  to   space 39424K, 0% used [0x00000000f5180000,0x00000000f5180000,0x00000000f7800000)
 ParOldGen       total 254976K, used 106124K [0x00000000a0000000, 0x00000000af900000, 0x00000000e0000000)
  object space 254976K, 41% used [0x00000000a0000000,0x00000000a67a3108,0x00000000af900000)
 Metaspace       used 74906K, capacity 79140K, committed 79384K, reserved 1118208K
  class space    used 10092K, capacity 10925K, committed 11048K, reserved 1048576K
Event: 32.475 GC heap after
Heap after GC invocations=19 (full 3):
 PSYoungGen      total 341504K, used 8068K [0x00000000e0000000, 0x00000000f8880000, 0x0000000100000000)
  eden space 302080K, 0% used [0x00000000e0000000,0x00000000e0000000,0x00000000f2700000)
  from space 39424K, 20% used [0x00000000f5180000,0x00000000f5961230,0x00000000f7800000)
  to   space 43520K, 0% used [0x00000000f2700000,0x00000000f2700000,0x00000000f5180000)
 ParOldGen       total 254976K, used 116755K [0x00000000a0000000, 0x00000000af900000, 0x00000000e0000000)
  object space 254976K, 45% used [0x00000000a0000000,0x00000000a7204ff8,0x00000000af900000)
 Metaspace       used 74906K, capacity 79140K, committed 79384K, reserved 1118208K
  class space    used 10092K, capacity 10925K, committed 11048K, reserved 1048576K
}
Event: 33.460 GC heap before
{Heap before GC invocations=20 (full 3):
 PSYoungGen      total 341504K, used 310148K [0x00000000e0000000, 0x00000000f8880000, 0x0000000100000000)
  eden space 302080K, 100% used [0x00000000e0000000,0x00000000f2700000,0x00000000f2700000)
  from space 39424K, 20% used [0x00000000f5180000,0x00000000f5961230,0x00000000f7800000)
  to   space 43520K, 0% used [0x00000000f2700000,0x00000000f2700000,0x00000000f5180000)
 ParOldGen       total 254976K, used 116755K [0x00000000a0000000, 0x00000000af900000, 0x00000000e0000000)
  object space 254976K, 45% used [0x00000000a0000000,0x00000000a7204ff8,0x00000000af900000)
 Metaspace       used 74983K, capacity 79208K, committed 79384K, reserved 1118208K
  class space    used 10092K, capacity 10925K, committed 11048K, reserved 1048576K
Event: 33.480 GC heap after
Heap after GC invocations=20 (full 3):
 PSYoungGen      total 345600K, used 6662K [0x00000000e0000000, 0x00000000f8880000, 0x0000000100000000)
  eden space 302080K, 0% used [0x00000000e0000000,0x00000000e0000000,0x00000000f2700000)
  from space 43520K, 15% used [0x00000000f2700000,0x00000000f2d81990,0x00000000f5180000)
  to   space 39424K, 0% used [0x00000000f5180000,0x00000000f5180000,0x00000000f7800000)
 ParOldGen       total 254976K, used 123318K [0x00000000a0000000, 0x00000000af900000, 0x00000000e0000000)
  object space 254976K, 48% used [0x00000000a0000000,0x00000000a786da98,0x00000000af900000)
 Metaspace       used 74983K, capacity 79208K, committed 79384K, reserved 1118208K
  class space    used 10092K, capacity 10925K, committed 11048K, reserved 1048576K
}
Event: 34.329 GC heap before
{Heap before GC invocations=21 (full 3):
 PSYoungGen      total 345600K, used 308742K [0x00000000e0000000, 0x00000000f8880000, 0x0000000100000000)
  eden space 302080K, 100% used [0x00000000e0000000,0x00000000f2700000,0x00000000f2700000)
  from space 43520K, 15% used [0x00000000f2700000,0x00000000f2d81990,0x00000000f5180000)
  to   space 39424K, 0% used [0x00000000f5180000,0x00000000f5180000,0x00000000f7800000)
 ParOldGen       total 254976K, used 123318K [0x00000000a0000000, 0x00000000af900000, 0x00000000e0000000)
  object space 254976K, 48% used [0x00000000a0000000,0x00000000a786da98,0x00000000af900000)
 Metaspace       used 75749K, capacity 80004K, committed 80152K, reserved 1118208K
  class space    used 10174K, capacity 11047K, committed 11048K, reserved 1048576K
Event: 34.340 GC heap after
Heap after GC invocations=21 (full 3):
 PSYoungGen      total 344064K, used 8366K [0x00000000e0000000, 0x00000000fc880000, 0x0000000100000000)
  eden space 304640K, 0% used [0x00000000e0000000,0x00000000e0000000,0x00000000f2980000)
  from space 39424K, 21% used [0x00000000f5180000,0x00000000f59aba18,0x00000000f7800000)
  to   space 40960K, 0% used [0x00000000f2980000,0x00000000f2980000,0x00000000f5180000)
 ParOldGen       total 254976K, used 128871K [0x00000000a0000000, 0x00000000af900000, 0x00000000e0000000)
  object space 254976K, 50% used [0x00000000a0000000,0x00000000a7dd9e10,0x00000000af900000)
 Metaspace       used 75749K, capacity 80004K, committed 80152K, reserved 1118208K
  class space    used 10174K, capacity 11047K, committed 11048K, reserved 1048576K
}

