# JRE version: OpenJDK Runtime Environment (8.0_212-b04) (build 1.8.0_212-release-1586-b04)
# Java VM: OpenJDK 64-Bit Server VM (25.212-b04 mixed mode windows-amd64 compressed oops)
Heap:
 PSYoungGen      total 290304K, used 261769K [0x00000000e0000000, 0x00000000f4c00000, 0x0000000100000000)
  eden space 246272K, 100% used [0x00000000e0000000,0x00000000ef080000,0x00000000ef080000)
  from space 44032K, 35% used [0x00000000ef080000,0x00000000effa2650,0x00000000f1b80000)
  to   space 39424K, 0% used [0x00000000f1b80000,0x00000000f1b80000,0x00000000f4200000)
 ParOldGen       total 256512K, used 70892K [0x00000000a0000000, 0x00000000afa80000, 0x00000000e0000000)
  object space 256512K, 27% used [0x00000000a0000000,0x00000000a453b110,0x00000000afa80000)
 Metaspace       used 99940K, capacity 104858K, committed 104984K, reserved 1140736K
  class space    used 12953K, capacity 14096K, committed 14120K, reserved 1048576K
GC Heap History (10 events):
Event: 579.569 GC heap before
{Heap before GC invocations=21 (full 3):
 PSYoungGen      total 261632K, used 261605K [0x00000000e0000000, 0x00000000f4200000, 0x0000000100000000)
  eden space 226816K, 100% used [0x00000000e0000000,0x00000000edd80000,0x00000000edd80000)
  from space 34816K, 99% used [0x00000000edd80000,0x00000000eff79488,0x00000000eff80000)
  to   space 39424K, 0% used [0x00000000f1b80000,0x00000000f1b80000,0x00000000f4200000)
 ParOldGen       total 256512K, used 36661K [0x00000000a0000000, 0x00000000afa80000, 0x00000000e0000000)
  object space 256512K, 14% used [0x00000000a0000000,0x00000000a23cd530,0x00000000afa80000)
 Metaspace       used 91018K, capacity 95338K, committed 95640K, reserved 1132544K
  class space    used 11673K, capacity 12600K, committed 12712K, reserved 1048576K
Event: 579.597 GC heap after
Heap after GC invocations=21 (full 3):
 PSYoungGen      total 285696K, used 36183K [0x00000000e0000000, 0x00000000f4c00000, 0x0000000100000000)
  eden space 246272K, 0% used [0x00000000e0000000,0x00000000e0000000,0x00000000ef080000)
  from space 39424K, 91% used [0x00000000f1b80000,0x00000000f3ed5f20,0x00000000f4200000)
  to   space 44032K, 0% used [0x00000000ef080000,0x00000000ef080000,0x00000000f1b80000)
 ParOldGen       total 256512K, used 36669K [0x00000000a0000000, 0x00000000afa80000, 0x00000000e0000000)
  object space 256512K, 14% used [0x00000000a0000000,0x00000000a23cf530,0x00000000afa80000)
 Metaspace       used 91018K, capacity 95338K, committed 95640K, reserved 1132544K
  class space    used 11673K, capacity 12600K, committed 12712K, reserved 1048576K
}
Event: 580.186 GC heap before
{Heap before GC invocations=22 (full 3):
 PSYoungGen      total 285696K, used 161492K [0x00000000e0000000, 0x00000000f4c00000, 0x0000000100000000)
  eden space 246272K, 50% used [0x00000000e0000000,0x00000000e7a5f3f0,0x00000000ef080000)
  from space 39424K, 91% used [0x00000000f1b80000,0x00000000f3ed5f20,0x00000000f4200000)
  to   space 44032K, 0% used [0x00000000ef080000,0x00000000ef080000,0x00000000f1b80000)
 ParOldGen       total 256512K, used 36669K [0x00000000a0000000, 0x00000000afa80000, 0x00000000e0000000)
  object space 256512K, 14% used [0x00000000a0000000,0x00000000a23cf530,0x00000000afa80000)
 Metaspace       used 93835K, capacity 98470K, committed 98600K, reserved 1134592K
  class space    used 12113K, capacity 13138K, committed 13224K, reserved 1048576K
Event: 580.219 GC heap after
Heap after GC invocations=22 (full 3):
 PSYoungGen      total 290304K, used 43754K [0x00000000e0000000, 0x00000000f4c00000, 0x0000000100000000)
  eden space 246272K, 0% used [0x00000000e0000000,0x00000000e0000000,0x00000000ef080000)
  from space 44032K, 99% used [0x00000000ef080000,0x00000000f1b3aa10,0x00000000f1b80000)
  to   space 39424K, 0% used [0x00000000f1b80000,0x00000000f1b80000,0x00000000f4200000)
 ParOldGen       total 256512K, used 36677K [0x00000000a0000000, 0x00000000afa80000, 0x00000000e0000000)
  object space 256512K, 14% used [0x00000000a0000000,0x00000000a23d1530,0x00000000afa80000)
 Metaspace       used 93835K, capacity 98470K, committed 98600K, reserved 1134592K
  class space    used 12113K, capacity 13138K, committed 13224K, reserved 1048576K
}
Event: 580.219 GC heap before
{Heap before GC invocations=23 (full 4):
 PSYoungGen      total 290304K, used 43754K [0x00000000e0000000, 0x00000000f4c00000, 0x0000000100000000)
  eden space 246272K, 0% used [0x00000000e0000000,0x00000000e0000000,0x00000000ef080000)
  from space 44032K, 99% used [0x00000000ef080000,0x00000000f1b3aa10,0x00000000f1b80000)
  to   space 39424K, 0% used [0x00000000f1b80000,0x00000000f1b80000,0x00000000f4200000)
 ParOldGen       total 256512K, used 36677K [0x00000000a0000000, 0x00000000afa80000, 0x00000000e0000000)
  object space 256512K, 14% used [0x00000000a0000000,0x00000000a23d1530,0x00000000afa80000)
 Metaspace       used 93835K, capacity 98470K, committed 98600K, reserved 1134592K
  class space    used 12113K, capacity 13138K, committed 13224K, reserved 1048576K
Event: 580.483 GC heap after
Heap after GC invocations=23 (full 4):
 PSYoungGen      total 290304K, used 0K [0x00000000e0000000, 0x00000000f4c00000, 0x0000000100000000)
  eden space 246272K, 0% used [0x00000000e0000000,0x00000000e0000000,0x00000000ef080000)
  from space 44032K, 0% used [0x00000000ef080000,0x00000000ef080000,0x00000000f1b80000)
  to   space 39424K, 0% used [0x00000000f1b80000,0x00000000f1b80000,0x00000000f4200000)
 ParOldGen       total 256512K, used 70870K [0x00000000a0000000, 0x00000000afa80000, 0x00000000e0000000)
  object space 256512K, 27% used [0x00000000a0000000,0x00000000a4535b70,0x00000000afa80000)
 Metaspace       used 93166K, capacity 96612K, committed 98600K, reserved 1134592K
  class space    used 11906K, capacity 12755K, committed 13224K, reserved 1048576K
}
Event: 582.490 GC heap before
{Heap before GC invocations=24 (full 4):
 PSYoungGen      total 290304K, used 246272K [0x00000000e0000000, 0x00000000f4c00000, 0x0000000100000000)
  eden space 246272K, 100% used [0x00000000e0000000,0x00000000ef080000,0x00000000ef080000)
  from space 44032K, 0% used [0x00000000ef080000,0x00000000ef080000,0x00000000f1b80000)
  to   space 39424K, 0% used [0x00000000f1b80000,0x00000000f1b80000,0x00000000f4200000)
 ParOldGen       total 256512K, used 70870K [0x00000000a0000000, 0x00000000afa80000, 0x00000000e0000000)
  object space 256512K, 27% used [0x00000000a0000000,0x00000000a4535b70,0x00000000afa80000)
 Metaspace       used 99300K, capacity 104144K, committed 104216K, reserved 1138688K
  class space    used 12932K, capacity 14057K, committed 14120K, reserved 1048576K
Event: 582.501 GC heap after
Heap after GC invocations=24 (full 4):
 PSYoungGen      total 285696K, used 10255K [0x00000000e0000000, 0x00000000f4c00000, 0x0000000100000000)
  eden space 246272K, 0% used [0x00000000e0000000,0x00000000e0000000,0x00000000ef080000)
  from space 39424K, 26% used [0x00000000f1b80000,0x00000000f2583d78,0x00000000f4200000)
  to   space 44032K, 0% used [0x00000000ef080000,0x00000000ef080000,0x00000000f1b80000)
 ParOldGen       total 256512K, used 70878K [0x00000000a0000000, 0x00000000afa80000, 0x00000000e0000000)
  object space 256512K, 27% used [0x00000000a0000000,0x00000000a4537b70,0x00000000afa80000)
 Metaspace       used 99300K, capacity 104144K, committed 104216K, reserved 1138688K
  class space    used 12932K, capacity 14057K, committed 14120K, reserved 1048576K
}
Event: 584.512 GC heap before
{Heap before GC invocations=25 (full 4):
 PSYoungGen      total 285696K, used 256527K [0x00000000e0000000, 0x00000000f4c00000, 0x0000000100000000)
  eden space 246272K, 100% used [0x00000000e0000000,0x00000000ef080000,0x00000000ef080000)
  from space 39424K, 26% used [0x00000000f1b80000,0x00000000f2583d78,0x00000000f4200000)
  to   space 44032K, 0% used [0x00000000ef080000,0x00000000ef080000,0x00000000f1b80000)
 ParOldGen       total 256512K, used 70879K [0x00000000a0000000, 0x00000000afa80000, 0x00000000e0000000)
  object space 256512K, 27% used [0x00000000a0000000,0x00000000a4537cf8,0x00000000afa80000)
 Metaspace       used 99788K, capacity 104692K, committed 104728K, reserved 1140736K
  class space    used 12950K, capacity 14091K, committed 14120K, reserved 1048576K
Event: 584.529 GC heap after
Heap after GC invocations=25 (full 4):
 PSYoungGen      total 290304K, used 15497K [0x00000000e0000000, 0x00000000f4c00000, 0x0000000100000000)
  eden space 246272K, 0% used [0x00000000e0000000,0x00000000e0000000,0x00000000ef080000)
  from space 44032K, 35% used [0x00000000ef080000,0x00000000effa2650,0x00000000f1b80000)
  to   space 39424K, 0% used [0x00000000f1b80000,0x00000000f1b80000,0x00000000f4200000)
 ParOldGen       total 256512K, used 70887K [0x00000000a0000000, 0x00000000afa80000, 0x00000000e0000000)
  object space 256512K, 27% used [0x00000000a0000000,0x00000000a4539cf8,0x00000000afa80000)
 Metaspace       used 99788K, capacity 104692K, committed 104728K, reserved 1140736K
  class space    used 12950K, capacity 14091K, committed 14120K, reserved 1048576K
}

