# JRE version: OpenJDK Runtime Environment (8.0_212-b04) (build 1.8.0_212-release-1586-b04)
# Java VM: OpenJDK 64-Bit Server VM (25.212-b04 mixed mode windows-amd64 compressed oops)
Heap:
 PSYoungGen      total 414208K, used 160749K [0x00000000e0000000, 0x00000000fd300000, 0x0000000100000000)
  eden space 367616K, 41% used [0x00000000e0000000,0x00000000e9435df8,0x00000000f6700000)
  from space 46592K, 19% used [0x00000000f6700000,0x00000000f6fc5620,0x00000000f9480000)
  to   space 42496K, 0% used [0x00000000f9480000,0x00000000f9480000,0x00000000fbe00000)
 ParOldGen       total 263680K, used 135857K [0x00000000a0000000, 0x00000000b0180000, 0x00000000e0000000)
  object space 263680K, 51% used [0x00000000a0000000,0x00000000a84ac7d0,0x00000000b0180000)
 Metaspace       used 72339K, capacity 76696K, committed 76888K, reserved 1116160K
  class space    used 9960K, capacity 10819K, committed 10880K, reserved 1048576K
GC Heap History (10 events):
Event: 9.703 GC heap before
{Heap before GC invocations=16 (full 3):
 PSYoungGen      total 320000K, used 308090K [0x00000000e0000000, 0x00000000f6580000, 0x0000000100000000)
  eden space 282624K, 100% used [0x00000000e0000000,0x00000000f1400000,0x00000000f1400000)
  from space 37376K, 68% used [0x00000000f3980000,0x00000000f525eb88,0x00000000f5e00000)
  to   space 38400K, 0% used [0x00000000f1400000,0x00000000f1400000,0x00000000f3980000)
 ParOldGen       total 263680K, used 69912K [0x00000000a0000000, 0x00000000b0180000, 0x00000000e0000000)
  object space 263680K, 26% used [0x00000000a0000000,0x00000000a44460a0,0x00000000b0180000)
 Metaspace       used 70844K, capacity 75030K, committed 75224K, reserved 1114112K
  class space    used 9819K, capacity 10660K, committed 10752K, reserved 1048576K
Event: 9.732 GC heap after
Heap after GC invocations=16 (full 3):
 PSYoungGen      total 321024K, used 33784K [0x00000000e0000000, 0x00000000fbe00000, 0x0000000100000000)
  eden space 282624K, 0% used [0x00000000e0000000,0x00000000e0000000,0x00000000f1400000)
  from space 38400K, 87% used [0x00000000f1400000,0x00000000f34fe200,0x00000000f3980000)
  to   space 42496K, 0% used [0x00000000f9480000,0x00000000f9480000,0x00000000fbe00000)
 ParOldGen       total 263680K, used 76991K [0x00000000a0000000, 0x00000000b0180000, 0x00000000e0000000)
  object space 263680K, 29% used [0x00000000a0000000,0x00000000a4b2fce8,0x00000000b0180000)
 Metaspace       used 70844K, capacity 75030K, committed 75224K, reserved 1114112K
  class space    used 9819K, capacity 10660K, committed 10752K, reserved 1048576K
}
Event: 10.028 GC heap before
{Heap before GC invocations=17 (full 3):
 PSYoungGen      total 321024K, used 316408K [0x00000000e0000000, 0x00000000fbe00000, 0x0000000100000000)
  eden space 282624K, 100% used [0x00000000e0000000,0x00000000f1400000,0x00000000f1400000)
  from space 38400K, 87% used [0x00000000f1400000,0x00000000f34fe200,0x00000000f3980000)
  to   space 42496K, 0% used [0x00000000f9480000,0x00000000f9480000,0x00000000fbe00000)
 ParOldGen       total 263680K, used 77247K [0x00000000a0000000, 0x00000000b0180000, 0x00000000e0000000)
  object space 263680K, 29% used [0x00000000a0000000,0x00000000a4b6fd70,0x00000000b0180000)
 Metaspace       used 71172K, capacity 75364K, committed 75480K, reserved 1114112K
  class space    used 9848K, capacity 10709K, committed 10752K, reserved 1048576K
Event: 10.059 GC heap after
Heap after GC invocations=17 (full 3):
 PSYoungGen      total 410112K, used 37737K [0x00000000e0000000, 0x00000000fd300000, 0x0000000100000000)
  eden space 367616K, 0% used [0x00000000e0000000,0x00000000e0000000,0x00000000f6700000)
  from space 42496K, 88% used [0x00000000f9480000,0x00000000fb95a4e0,0x00000000fbe00000)
  to   space 46592K, 0% used [0x00000000f6700000,0x00000000f6700000,0x00000000f9480000)
 ParOldGen       total 263680K, used 86507K [0x00000000a0000000, 0x00000000b0180000, 0x00000000e0000000)
  object space 263680K, 32% used [0x00000000a0000000,0x00000000a547af28,0x00000000b0180000)
 Metaspace       used 71172K, capacity 75364K, committed 75480K, reserved 1114112K
  class space    used 9848K, capacity 10709K, committed 10752K, reserved 1048576K
}
Event: 10.437 GC heap before
{Heap before GC invocations=18 (full 3):
 PSYoungGen      total 410112K, used 405353K [0x00000000e0000000, 0x00000000fd300000, 0x0000000100000000)
  eden space 367616K, 100% used [0x00000000e0000000,0x00000000f6700000,0x00000000f6700000)
  from space 42496K, 88% used [0x00000000f9480000,0x00000000fb95a4e0,0x00000000fbe00000)
  to   space 46592K, 0% used [0x00000000f6700000,0x00000000f6700000,0x00000000f9480000)
 ParOldGen       total 263680K, used 86512K [0x00000000a0000000, 0x00000000b0180000, 0x00000000e0000000)
  object space 263680K, 32% used [0x00000000a0000000,0x00000000a547c2d8,0x00000000b0180000)
 Metaspace       used 71238K, capacity 75436K, committed 75480K, reserved 1114112K
  class space    used 9851K, capacity 10711K, committed 10752K, reserved 1048576K
Event: 10.593 GC heap after
Heap after GC invocations=18 (full 3):
 PSYoungGen      total 414208K, used 32300K [0x00000000e0000000, 0x00000000fd300000, 0x0000000100000000)
  eden space 367616K, 0% used [0x00000000e0000000,0x00000000e0000000,0x00000000f6700000)
  from space 46592K, 69% used [0x00000000f6700000,0x00000000f868b138,0x00000000f9480000)
  to   space 42496K, 0% used [0x00000000f9480000,0x00000000f9480000,0x00000000fbe00000)
 ParOldGen       total 263680K, used 105473K [0x00000000a0000000, 0x00000000b0180000, 0x00000000e0000000)
  object space 263680K, 40% used [0x00000000a0000000,0x00000000a6700718,0x00000000b0180000)
 Metaspace       used 71238K, capacity 75436K, committed 75480K, reserved 1114112K
  class space    used 9851K, capacity 10711K, committed 10752K, reserved 1048576K
}
Event: 10.905 GC heap before
{Heap before GC invocations=19 (full 3):
 PSYoungGen      total 414208K, used 399916K [0x00000000e0000000, 0x00000000fd300000, 0x0000000100000000)
  eden space 367616K, 100% used [0x00000000e0000000,0x00000000f6700000,0x00000000f6700000)
  from space 46592K, 69% used [0x00000000f6700000,0x00000000f868b138,0x00000000f9480000)
  to   space 42496K, 0% used [0x00000000f9480000,0x00000000f9480000,0x00000000fbe00000)
 ParOldGen       total 263680K, used 105473K [0x00000000a0000000, 0x00000000b0180000, 0x00000000e0000000)
  object space 263680K, 40% used [0x00000000a0000000,0x00000000a6700718,0x00000000b0180000)
 Metaspace       used 71372K, capacity 75576K, committed 75736K, reserved 1114112K
  class space    used 9852K, capacity 10713K, committed 10752K, reserved 1048576K
Event: 11.344 GC heap after
Heap after GC invocations=19 (full 3):
 PSYoungGen      total 410112K, used 10511K [0x00000000e0000000, 0x00000000fd300000, 0x0000000100000000)
  eden space 367616K, 0% used [0x00000000e0000000,0x00000000e0000000,0x00000000f6700000)
  from space 42496K, 24% used [0x00000000f9480000,0x00000000f9ec3e00,0x00000000fbe00000)
  to   space 46592K, 0% used [0x00000000f6700000,0x00000000f6700000,0x00000000f9480000)
 ParOldGen       total 263680K, used 129708K [0x00000000a0000000, 0x00000000b0180000, 0x00000000e0000000)
  object space 263680K, 49% used [0x00000000a0000000,0x00000000a7eab150,0x00000000b0180000)
 Metaspace       used 71372K, capacity 75576K, committed 75736K, reserved 1114112K
  class space    used 9852K, capacity 10713K, committed 10752K, reserved 1048576K
}
Event: 11.664 GC heap before
{Heap before GC invocations=20 (full 3):
 PSYoungGen      total 410112K, used 378127K [0x00000000e0000000, 0x00000000fd300000, 0x0000000100000000)
  eden space 367616K, 100% used [0x00000000e0000000,0x00000000f6700000,0x00000000f6700000)
  from space 42496K, 24% used [0x00000000f9480000,0x00000000f9ec3e00,0x00000000fbe00000)
  to   space 46592K, 0% used [0x00000000f6700000,0x00000000f6700000,0x00000000f9480000)
 ParOldGen       total 263680K, used 129708K [0x00000000a0000000, 0x00000000b0180000, 0x00000000e0000000)
  object space 263680K, 49% used [0x00000000a0000000,0x00000000a7eab150,0x00000000b0180000)
 Metaspace       used 71983K, capacity 76288K, committed 76632K, reserved 1116160K
  class space    used 9924K, capacity 10789K, committed 10880K, reserved 1048576K
Event: 11.678 GC heap after
Heap after GC invocations=20 (full 3):
 PSYoungGen      total 414208K, used 8981K [0x00000000e0000000, 0x00000000fd300000, 0x0000000100000000)
  eden space 367616K, 0% used [0x00000000e0000000,0x00000000e0000000,0x00000000f6700000)
  from space 46592K, 19% used [0x00000000f6700000,0x00000000f6fc5620,0x00000000f9480000)
  to   space 42496K, 0% used [0x00000000f9480000,0x00000000f9480000,0x00000000fbe00000)
 ParOldGen       total 263680K, used 135857K [0x00000000a0000000, 0x00000000b0180000, 0x00000000e0000000)
  object space 263680K, 51% used [0x00000000a0000000,0x00000000a84ac7d0,0x00000000b0180000)
 Metaspace       used 71983K, capacity 76288K, committed 76632K, reserved 1116160K
  class space    used 9924K, capacity 10789K, committed 10880K, reserved 1048576K
}

