# JRE version: OpenJDK Runtime Environment (8.0_212-b04) (build 1.8.0_212-release-1586-b04)
# Java VM: OpenJDK 64-Bit Server VM (25.212-b04 mixed mode windows-amd64 compressed oops)
Heap:
 PSYoungGen      total 165888K, used 114864K [0x00000000e0000000, 0x00000000edf00000, 0x0000000100000000)
  eden space 152576K, 75% used [0x00000000e0000000,0x00000000e702c0e0,0x00000000e9500000)
  from space 13312K, 0% used [0x00000000ea180000,0x00000000ea180000,0x00000000eae80000)
  to   space 12800K, 0% used [0x00000000e9500000,0x00000000e9500000,0x00000000ea180000)
 ParOldGen       total 161792K, used 16249K [0x00000000a0000000, 0x00000000a9e00000, 0x00000000e0000000)
  object space 161792K, 10% used [0x00000000a0000000,0x00000000a0fde688,0x00000000a9e00000)
 Metaspace       used 45232K, capacity 46216K, committed 46464K, reserved 1089536K
  class space    used 6103K, capacity 6403K, committed 6528K, reserved 1048576K
GC Heap History (10 events):
Event: 2.265 GC heap before
{Heap before GC invocations=4 (full 1):
 PSYoungGen      total 75776K, used 10728K [0x00000000e0000000, 0x00000000e9400000, 0x0000000100000000)
  eden space 65024K, 0% used [0x00000000e0000000,0x00000000e0000000,0x00000000e3f80000)
  from space 10752K, 99% used [0x00000000e3f80000,0x00000000e49fa3e8,0x00000000e4a00000)
  to   space 10752K, 0% used [0x00000000e8980000,0x00000000e8980000,0x00000000e9400000)
 ParOldGen       total 173568K, used 525K [0x00000000a0000000, 0x00000000aa980000, 0x00000000e0000000)
  object space 173568K, 0% used [0x00000000a0000000,0x00000000a0083408,0x00000000aa980000)
 Metaspace       used 20708K, capacity 21132K, committed 21296K, reserved 1067008K
  class space    used 2947K, capacity 3116K, committed 3200K, reserved 1048576K
Event: 2.290 GC heap after
Heap after GC invocations=4 (full 1):
 PSYoungGen      total 75776K, used 0K [0x00000000e0000000, 0x00000000e9400000, 0x0000000100000000)
  eden space 65024K, 0% used [0x00000000e0000000,0x00000000e0000000,0x00000000e3f80000)
  from space 10752K, 0% used [0x00000000e3f80000,0x00000000e3f80000,0x00000000e4a00000)
  to   space 10752K, 0% used [0x00000000e8980000,0x00000000e8980000,0x00000000e9400000)
 ParOldGen       total 108032K, used 10936K [0x00000000a0000000, 0x00000000a6980000, 0x00000000e0000000)
  object space 108032K, 10% used [0x00000000a0000000,0x00000000a0aae1c8,0x00000000a6980000)
 Metaspace       used 20708K, capacity 21132K, committed 21296K, reserved 1067008K
  class space    used 2947K, capacity 3116K, committed 3200K, reserved 1048576K
}
Event: 3.088 GC heap before
{Heap before GC invocations=5 (full 1):
 PSYoungGen      total 75776K, used 65024K [0x00000000e0000000, 0x00000000e9400000, 0x0000000100000000)
  eden space 65024K, 100% used [0x00000000e0000000,0x00000000e3f80000,0x00000000e3f80000)
  from space 10752K, 0% used [0x00000000e3f80000,0x00000000e3f80000,0x00000000e4a00000)
  to   space 10752K, 0% used [0x00000000e8980000,0x00000000e8980000,0x00000000e9400000)
 ParOldGen       total 108032K, used 10936K [0x00000000a0000000, 0x00000000a6980000, 0x00000000e0000000)
  object space 108032K, 10% used [0x00000000a0000000,0x00000000a0aae1c8,0x00000000a6980000)
 Metaspace       used 28811K, capacity 29290K, committed 29440K, reserved 1075200K
  class space    used 3890K, capacity 4082K, committed 4096K, reserved 1048576K
Event: 3.099 GC heap after
Heap after GC invocations=5 (full 1):
 PSYoungGen      total 108032K, used 7967K [0x00000000e0000000, 0x00000000e9180000, 0x0000000100000000)
  eden space 99840K, 0% used [0x00000000e0000000,0x00000000e0000000,0x00000000e6180000)
  from space 8192K, 97% used [0x00000000e8980000,0x00000000e9147cd8,0x00000000e9180000)
  to   space 10752K, 0% used [0x00000000e7c80000,0x00000000e7c80000,0x00000000e8700000)
 ParOldGen       total 108032K, used 10944K [0x00000000a0000000, 0x00000000a6980000, 0x00000000e0000000)
  object space 108032K, 10% used [0x00000000a0000000,0x00000000a0ab01c8,0x00000000a6980000)
 Metaspace       used 28811K, capacity 29290K, committed 29440K, reserved 1075200K
  class space    used 3890K, capacity 4082K, committed 4096K, reserved 1048576K
}
Event: 4.239 GC heap before
{Heap before GC invocations=6 (full 1):
 PSYoungGen      total 108032K, used 107807K [0x00000000e0000000, 0x00000000e9180000, 0x0000000100000000)
  eden space 99840K, 100% used [0x00000000e0000000,0x00000000e6180000,0x00000000e6180000)
  from space 8192K, 97% used [0x00000000e8980000,0x00000000e9147cd8,0x00000000e9180000)
  to   space 10752K, 0% used [0x00000000e7c80000,0x00000000e7c80000,0x00000000e8700000)
 ParOldGen       total 108032K, used 10944K [0x00000000a0000000, 0x00000000a6980000, 0x00000000e0000000)
  object space 108032K, 10% used [0x00000000a0000000,0x00000000a0ab01c8,0x00000000a6980000)
 Metaspace       used 33720K, capacity 34358K, committed 34560K, reserved 1079296K
  class space    used 4655K, capacity 4846K, committed 4864K, reserved 1048576K
Event: 4.251 GC heap after
Heap after GC invocations=6 (full 1):
 PSYoungGen      total 138240K, used 10725K [0x00000000e0000000, 0x00000000eae80000, 0x0000000100000000)
  eden space 127488K, 0% used [0x00000000e0000000,0x00000000e0000000,0x00000000e7c80000)
  from space 10752K, 99% used [0x00000000e7c80000,0x00000000e86f94c8,0x00000000e8700000)
  to   space 13312K, 0% used [0x00000000ea180000,0x00000000ea180000,0x00000000eae80000)
 ParOldGen       total 108032K, used 11078K [0x00000000a0000000, 0x00000000a6980000, 0x00000000e0000000)
  object space 108032K, 10% used [0x00000000a0000000,0x00000000a0ad18a0,0x00000000a6980000)
 Metaspace       used 33720K, capacity 34358K, committed 34560K, reserved 1079296K
  class space    used 4655K, capacity 4846K, committed 4864K, reserved 1048576K
}
Event: 4.592 GC heap before
{Heap before GC invocations=7 (full 1):
 PSYoungGen      total 138240K, used 41381K [0x00000000e0000000, 0x00000000eae80000, 0x0000000100000000)
  eden space 127488K, 24% used [0x00000000e0000000,0x00000000e1df0068,0x00000000e7c80000)
  from space 10752K, 99% used [0x00000000e7c80000,0x00000000e86f94c8,0x00000000e8700000)
  to   space 13312K, 0% used [0x00000000ea180000,0x00000000ea180000,0x00000000eae80000)
 ParOldGen       total 108032K, used 11078K [0x00000000a0000000, 0x00000000a6980000, 0x00000000e0000000)
  object space 108032K, 10% used [0x00000000a0000000,0x00000000a0ad18a0,0x00000000a6980000)
 Metaspace       used 34610K, capacity 35350K, committed 35496K, reserved 1079296K
  class space    used 4769K, capacity 5028K, committed 5120K, reserved 1048576K
Event: 4.601 GC heap after
Heap after GC invocations=7 (full 1):
 PSYoungGen      total 165888K, used 8825K [0x00000000e0000000, 0x00000000edf00000, 0x0000000100000000)
  eden space 152576K, 0% used [0x00000000e0000000,0x00000000e0000000,0x00000000e9500000)
  from space 13312K, 66% used [0x00000000ea180000,0x00000000eaa1e408,0x00000000eae80000)
  to   space 12800K, 0% used [0x00000000e9500000,0x00000000e9500000,0x00000000ea180000)
 ParOldGen       total 108032K, used 11086K [0x00000000a0000000, 0x00000000a6980000, 0x00000000e0000000)
  object space 108032K, 10% used [0x00000000a0000000,0x00000000a0ad38a0,0x00000000a6980000)
 Metaspace       used 34610K, capacity 35350K, committed 35496K, reserved 1079296K
  class space    used 4769K, capacity 5028K, committed 5120K, reserved 1048576K
}
Event: 4.601 GC heap before
{Heap before GC invocations=8 (full 2):
 PSYoungGen      total 165888K, used 8825K [0x00000000e0000000, 0x00000000edf00000, 0x0000000100000000)
  eden space 152576K, 0% used [0x00000000e0000000,0x00000000e0000000,0x00000000e9500000)
  from space 13312K, 66% used [0x00000000ea180000,0x00000000eaa1e408,0x00000000eae80000)
  to   space 12800K, 0% used [0x00000000e9500000,0x00000000e9500000,0x00000000ea180000)
 ParOldGen       total 108032K, used 11086K [0x00000000a0000000, 0x00000000a6980000, 0x00000000e0000000)
  object space 108032K, 10% used [0x00000000a0000000,0x00000000a0ad38a0,0x00000000a6980000)
 Metaspace       used 34610K, capacity 35350K, committed 35496K, reserved 1079296K
  class space    used 4769K, capacity 5028K, committed 5120K, reserved 1048576K
Event: 4.649 GC heap after
Heap after GC invocations=8 (full 2):
 PSYoungGen      total 165888K, used 0K [0x00000000e0000000, 0x00000000edf00000, 0x0000000100000000)
  eden space 152576K, 0% used [0x00000000e0000000,0x00000000e0000000,0x00000000e9500000)
  from space 13312K, 0% used [0x00000000ea180000,0x00000000ea180000,0x00000000eae80000)
  to   space 12800K, 0% used [0x00000000e9500000,0x00000000e9500000,0x00000000ea180000)
 ParOldGen       total 161792K, used 16249K [0x00000000a0000000, 0x00000000a9e00000, 0x00000000e0000000)
  object space 161792K, 10% used [0x00000000a0000000,0x00000000a0fde688,0x00000000a9e00000)
 Metaspace       used 34575K, capacity 35236K, committed 35496K, reserved 1079296K
  class space    used 4759K, capacity 5009K, committed 5120K, reserved 1048576K
}

